

*******************************************************************************
Fri May 31 00:11:10 2019


FIT:    data read from './data/spring_data.csv' using ($2*9.81):1
        format = x:z
BREAK: No data to fit

*******************************************************************************
Fri May 31 00:12:41 2019


FIT:    data read from './data/spring_data.csv' using ($2*9.81):1
        format = x:z
BREAK: No data to fit

*******************************************************************************
Fri May 31 00:13:48 2019


FIT:    data read from './data/spring_data.csv' using ($2*9.81):1
        format = x:z
BREAK: No data to fit

*******************************************************************************
Fri May 31 00:14:44 2019


FIT:    data read from './data/spring_data.csv' using ($2*9.81):1
        format = x:z
BREAK: No data to fit

*******************************************************************************
Fri May 31 00:16:27 2019


FIT:    data read from './data/spring_data.csv' using ($2*9.81):1
        format = x:z
BREAK: No data to fit

*******************************************************************************
Fri May 31 00:18:20 2019


FIT:    data read from './data/spring_data.csv' using ($2*9.81):1
        format = x:z
BREAK: No data to fit

*******************************************************************************
Fri May 31 00:19:36 2019


FIT:    data read from './data/spring_data.csv' using ($2*9.81):1
        format = x:z
BREAK: No data to fit

*******************************************************************************
Fri May 31 00:21:39 2019


FIT:    data read from './data/spring_data.csv' using ($2*9.81):1
        format = x:z
        #datapoints = 19
        residuals are weighted equally (unit weight)

function used for fitting: f(x)
	f(x) = a * x + b
fitted parameters initialized with current variable values

iter      chisq       delta/lim  lambda   a             b            
   0 8.2694761642e+02   0.00e+00  4.32e+00    1.000000e+00   1.000000e+00
   4 3.9740448614e-02  -2.35e-03  4.32e-04    4.643203e-02   6.562860e-02

After 4 iterations the fit converged.
final sum of squares of residuals : 0.0397404
rel. change during last iteration : -2.34697e-08

degrees of freedom    (FIT_NDF)                        : 17
rms of residuals      (FIT_STDFIT) = sqrt(WSSR/ndf)    : 0.0483495
variance of residuals (reduced chisquare) = WSSR/ndf   : 0.00233767

Final set of parameters            Asymptotic Standard Error
=======================            ==========================
a               = 0.046432         +/- 0.004129     (8.892%)
b               = 0.0656286        +/- 0.02489      (37.92%)

correlation matrix of the fit parameters:
                a      b      
a               1.000 
b              -0.895  1.000 


*******************************************************************************
Fri May 31 00:23:51 2019


FIT:    data read from './data/spring_data.csv' using ($2*9.81):1
        format = x:z
        #datapoints = 19
        residuals are weighted equally (unit weight)

function used for fitting: f(x)
	f(x) = a * x + b
fitted parameters initialized with current variable values

iter      chisq       delta/lim  lambda   a             b            
   0 8.2694761642e+02   0.00e+00  4.32e+00    1.000000e+00   1.000000e+00
   4 3.9740448614e-02  -2.35e-03  4.32e-04    4.643203e-02   6.562860e-02

After 4 iterations the fit converged.
final sum of squares of residuals : 0.0397404
rel. change during last iteration : -2.34697e-08

degrees of freedom    (FIT_NDF)                        : 17
rms of residuals      (FIT_STDFIT) = sqrt(WSSR/ndf)    : 0.0483495
variance of residuals (reduced chisquare) = WSSR/ndf   : 0.00233767

Final set of parameters            Asymptotic Standard Error
=======================            ==========================
a               = 0.046432         +/- 0.004129     (8.892%)
b               = 0.0656286        +/- 0.02489      (37.92%)

correlation matrix of the fit parameters:
                a      b      
a               1.000 
b              -0.895  1.000 


*******************************************************************************
Fri May 31 00:24:28 2019


FIT:    data read from './data/spring_data.csv' using ($2*9.81):1
        format = x:z
        #datapoints = 19
        residuals are weighted equally (unit weight)

function used for fitting: f(x)
	f(x) = a * x + b
fitted parameters initialized with current variable values

iter      chisq       delta/lim  lambda   a             b            
   0 8.2694761642e+02   0.00e+00  4.32e+00    1.000000e+00   1.000000e+00
   4 3.9740448614e-02  -2.35e-03  4.32e-04    4.643203e-02   6.562860e-02

After 4 iterations the fit converged.
final sum of squares of residuals : 0.0397404
rel. change during last iteration : -2.34697e-08

degrees of freedom    (FIT_NDF)                        : 17
rms of residuals      (FIT_STDFIT) = sqrt(WSSR/ndf)    : 0.0483495
variance of residuals (reduced chisquare) = WSSR/ndf   : 0.00233767

Final set of parameters            Asymptotic Standard Error
=======================            ==========================
a               = 0.046432         +/- 0.004129     (8.892%)
b               = 0.0656286        +/- 0.02489      (37.92%)

correlation matrix of the fit parameters:
                a      b      
a               1.000 
b              -0.895  1.000 


*******************************************************************************
Fri May 31 00:24:53 2019


FIT:    data read from './data/spring_data.csv' using ($2*9.81):1
        format = x:z
        #datapoints = 19
        residuals are weighted equally (unit weight)

function used for fitting: f(x)
	f(x) = a * x + b
fitted parameters initialized with current variable values

iter      chisq       delta/lim  lambda   a             b            
   0 8.2694761642e+02   0.00e+00  4.32e+00    1.000000e+00   1.000000e+00
   4 3.9740448614e-02  -2.35e-03  4.32e-04    4.643203e-02   6.562860e-02

After 4 iterations the fit converged.
final sum of squares of residuals : 0.0397404
rel. change during last iteration : -2.34697e-08

degrees of freedom    (FIT_NDF)                        : 17
rms of residuals      (FIT_STDFIT) = sqrt(WSSR/ndf)    : 0.0483495
variance of residuals (reduced chisquare) = WSSR/ndf   : 0.00233767

Final set of parameters            Asymptotic Standard Error
=======================            ==========================
a               = 0.046432         +/- 0.004129     (8.892%)
b               = 0.0656286        +/- 0.02489      (37.92%)

correlation matrix of the fit parameters:
                a      b      
a               1.000 
b              -0.895  1.000 


*******************************************************************************
Fri May 31 00:25:16 2019


FIT:    data read from './data/spring_data.csv' using ($2*9.81):1
        format = x:z
        #datapoints = 19
        residuals are weighted equally (unit weight)

function used for fitting: f(x)
	f(x) = a * x + b
fitted parameters initialized with current variable values

iter      chisq       delta/lim  lambda   a             b            
   0 8.2694761642e+02   0.00e+00  4.32e+00    1.000000e+00   1.000000e+00
   4 3.9740448614e-02  -2.35e-03  4.32e-04    4.643203e-02   6.562860e-02

After 4 iterations the fit converged.
final sum of squares of residuals : 0.0397404
rel. change during last iteration : -2.34697e-08

degrees of freedom    (FIT_NDF)                        : 17
rms of residuals      (FIT_STDFIT) = sqrt(WSSR/ndf)    : 0.0483495
variance of residuals (reduced chisquare) = WSSR/ndf   : 0.00233767

Final set of parameters            Asymptotic Standard Error
=======================            ==========================
a               = 0.046432         +/- 0.004129     (8.892%)
b               = 0.0656286        +/- 0.02489      (37.92%)

correlation matrix of the fit parameters:
                a      b      
a               1.000 
b              -0.895  1.000 


*******************************************************************************
Fri May 31 00:29:52 2019


FIT:    data read from './data/spring_data.csv' using ($2*9.81):1
        format = x:z
        #datapoints = 19
        residuals are weighted equally (unit weight)

function used for fitting: f(x)
	f(x) = a * x + b
fitted parameters initialized with current variable values

iter      chisq       delta/lim  lambda   a             b            
   0 8.2694761642e+02   0.00e+00  4.32e+00    1.000000e+00   1.000000e+00
   4 3.9740448614e-02  -2.35e-03  4.32e-04    4.643203e-02   6.562860e-02

After 4 iterations the fit converged.
final sum of squares of residuals : 0.0397404
rel. change during last iteration : -2.34697e-08

degrees of freedom    (FIT_NDF)                        : 17
rms of residuals      (FIT_STDFIT) = sqrt(WSSR/ndf)    : 0.0483495
variance of residuals (reduced chisquare) = WSSR/ndf   : 0.00233767

Final set of parameters            Asymptotic Standard Error
=======================            ==========================
a               = 0.046432         +/- 0.004129     (8.892%)
b               = 0.0656286        +/- 0.02489      (37.92%)

correlation matrix of the fit parameters:
                a      b      
a               1.000 
b              -0.895  1.000 


*******************************************************************************
Fri May 31 00:30:38 2019


FIT:    data read from './data/spring_data.csv' using ($2*9.81):1
        format = x:z
        #datapoints = 19
        residuals are weighted equally (unit weight)

function used for fitting: f(x)
	f(x) = a * x + b
fitted parameters initialized with current variable values

iter      chisq       delta/lim  lambda   a             b            
   0 8.2694761642e+02   0.00e+00  4.32e+00    1.000000e+00   1.000000e+00
   4 3.9740448614e-02  -2.35e-03  4.32e-04    4.643203e-02   6.562860e-02

After 4 iterations the fit converged.
final sum of squares of residuals : 0.0397404
rel. change during last iteration : -2.34697e-08

degrees of freedom    (FIT_NDF)                        : 17
rms of residuals      (FIT_STDFIT) = sqrt(WSSR/ndf)    : 0.0483495
variance of residuals (reduced chisquare) = WSSR/ndf   : 0.00233767

Final set of parameters            Asymptotic Standard Error
=======================            ==========================
a               = 0.046432         +/- 0.004129     (8.892%)
b               = 0.0656286        +/- 0.02489      (37.92%)

correlation matrix of the fit parameters:
                a      b      
a               1.000 
b              -0.895  1.000 


*******************************************************************************
Fri May 31 00:31:01 2019


FIT:    data read from './data/spring_data.csv' using ($2*9.81):1
        format = x:z
        #datapoints = 19
        residuals are weighted equally (unit weight)

function used for fitting: f(x)
	f(x) = a * x + b
fitted parameters initialized with current variable values

iter      chisq       delta/lim  lambda   a             b            
   0 8.2694761642e+02   0.00e+00  4.32e+00    1.000000e+00   1.000000e+00
   4 3.9740448614e-02  -2.35e-03  4.32e-04    4.643203e-02   6.562860e-02

After 4 iterations the fit converged.
final sum of squares of residuals : 0.0397404
rel. change during last iteration : -2.34697e-08

degrees of freedom    (FIT_NDF)                        : 17
rms of residuals      (FIT_STDFIT) = sqrt(WSSR/ndf)    : 0.0483495
variance of residuals (reduced chisquare) = WSSR/ndf   : 0.00233767

Final set of parameters            Asymptotic Standard Error
=======================            ==========================
a               = 0.046432         +/- 0.004129     (8.892%)
b               = 0.0656286        +/- 0.02489      (37.92%)

correlation matrix of the fit parameters:
                a      b      
a               1.000 
b              -0.895  1.000 


*******************************************************************************
Fri May 31 00:36:57 2019


FIT:    data read from './data/spring_data.csv' using ($2*9.81):1
        format = x:z
        #datapoints = 19
        residuals are weighted equally (unit weight)

function used for fitting: f(x)
	f(x) = a * x + b
fitted parameters initialized with current variable values

iter      chisq       delta/lim  lambda   a             b            
   0 8.2694761642e+02   0.00e+00  4.32e+00    1.000000e+00   1.000000e+00
   4 3.9740448614e-02  -2.35e-03  4.32e-04    4.643203e-02   6.562860e-02

After 4 iterations the fit converged.
final sum of squares of residuals : 0.0397404
rel. change during last iteration : -2.34697e-08

degrees of freedom    (FIT_NDF)                        : 17
rms of residuals      (FIT_STDFIT) = sqrt(WSSR/ndf)    : 0.0483495
variance of residuals (reduced chisquare) = WSSR/ndf   : 0.00233767

Final set of parameters            Asymptotic Standard Error
=======================            ==========================
a               = 0.046432         +/- 0.004129     (8.892%)
b               = 0.0656286        +/- 0.02489      (37.92%)

correlation matrix of the fit parameters:
                a      b      
a               1.000 
b              -0.895  1.000 


*******************************************************************************
Fri May 31 00:38:50 2019


FIT:    data read from './data/spring_data.csv' using ($2*9.81):1
        format = x:z
        #datapoints = 19
        residuals are weighted equally (unit weight)

function used for fitting: f(x)
	f(x) = a * x + b
fitted parameters initialized with current variable values

iter      chisq       delta/lim  lambda   a             b            
   0 8.2694761642e+02   0.00e+00  4.32e+00    1.000000e+00   1.000000e+00
   4 3.9740448614e-02  -2.35e-03  4.32e-04    4.643203e-02   6.562860e-02

After 4 iterations the fit converged.
final sum of squares of residuals : 0.0397404
rel. change during last iteration : -2.34697e-08

degrees of freedom    (FIT_NDF)                        : 17
rms of residuals      (FIT_STDFIT) = sqrt(WSSR/ndf)    : 0.0483495
variance of residuals (reduced chisquare) = WSSR/ndf   : 0.00233767

Final set of parameters            Asymptotic Standard Error
=======================            ==========================
a               = 0.046432         +/- 0.004129     (8.892%)
b               = 0.0656286        +/- 0.02489      (37.92%)

correlation matrix of the fit parameters:
                a      b      
a               1.000 
b              -0.895  1.000 


*******************************************************************************
Fri May 31 00:40:02 2019


FIT:    data read from './data/spring_data.csv' using ($2*9.81):1
        format = x:z
        #datapoints = 19
        residuals are weighted equally (unit weight)

function used for fitting: f(x)
	f(x) = a * x + b
fitted parameters initialized with current variable values

iter      chisq       delta/lim  lambda   a             b            
   0 8.2694761642e+02   0.00e+00  4.32e+00    1.000000e+00   1.000000e+00
   4 3.9740448614e-02  -2.35e-03  4.32e-04    4.643203e-02   6.562860e-02

After 4 iterations the fit converged.
final sum of squares of residuals : 0.0397404
rel. change during last iteration : -2.34697e-08

degrees of freedom    (FIT_NDF)                        : 17
rms of residuals      (FIT_STDFIT) = sqrt(WSSR/ndf)    : 0.0483495
variance of residuals (reduced chisquare) = WSSR/ndf   : 0.00233767

Final set of parameters            Asymptotic Standard Error
=======================            ==========================
a               = 0.046432         +/- 0.004129     (8.892%)
b               = 0.0656286        +/- 0.02489      (37.92%)

correlation matrix of the fit parameters:
                a      b      
a               1.000 
b              -0.895  1.000 


*******************************************************************************
Fri May 31 00:40:36 2019


FIT:    data read from './data/spring_data.csv' using ($2*9.81):1
        format = x:z
        #datapoints = 19
        residuals are weighted equally (unit weight)

function used for fitting: f(x)
	f(x) = a * x + b
fitted parameters initialized with current variable values

iter      chisq       delta/lim  lambda   a             b            
   0 8.2694761642e+02   0.00e+00  4.32e+00    1.000000e+00   1.000000e+00
   4 3.9740448614e-02  -2.35e-03  4.32e-04    4.643203e-02   6.562860e-02

After 4 iterations the fit converged.
final sum of squares of residuals : 0.0397404
rel. change during last iteration : -2.34697e-08

degrees of freedom    (FIT_NDF)                        : 17
rms of residuals      (FIT_STDFIT) = sqrt(WSSR/ndf)    : 0.0483495
variance of residuals (reduced chisquare) = WSSR/ndf   : 0.00233767

Final set of parameters            Asymptotic Standard Error
=======================            ==========================
a               = 0.046432         +/- 0.004129     (8.892%)
b               = 0.0656286        +/- 0.02489      (37.92%)

correlation matrix of the fit parameters:
                a      b      
a               1.000 
b              -0.895  1.000 
